<?xml version="1.0" encoding="UTF-8"?>
<robot generator="Robot 6.1.1 (Python 3.13.2 on win32)" generated="20250428 15:00:38.381" rpa="false" schemaversion="4">
<suite id="s1" name="Login" source="C:\Users\leonardo.baestero\Desktop\robot-appium-2\testes\login\login.robot">
<kw name="Set Appium Timeout" library="AppiumLibrary" type="SETUP">
<arg>10s</arg>
<doc>Sets the timeout in seconds used by various keywords.</doc>
<status status="PASS" starttime="20250428 15:00:38.673" endtime="20250428 15:00:38.673"/>
</kw>
<test id="s1-t1" name="Cenario 1: Login com sucesso login comum" line="26">
<kw name="Abrir aplicativo teste">
<kw name="Open Application" library="AppiumLibrary">
<arg>http://localhost:4723</arg>
<arg>automationName=UiAutomator2</arg>
<arg>platformName=Android</arg>
<arg>deviceName=Pixel4</arg>
<arg>app=${EXECDIR}/app/qazandofood.apk</arg>
<arg>udid=emulator-5554</arg>
<doc>Opens a new application to given Appium server.
Capabilities of appium server, Android and iOS,
Please check https://github.com/appium/appium/blob/master/docs/en/writing-running-appium/server-args.md
| *Option*            | *Man.* | *Description*     |
| remote_url          | Yes    | Appium server url |
| alias               | no     | alias             |
| strict_ssl          | No     | allows you to send commands to an invalid certificate host like a self-signed one. |</doc>
<status status="PASS" starttime="20250428 15:00:38.674" endtime="20250428 15:00:42.730"/>
</kw>
<status status="PASS" starttime="20250428 15:00:38.674" endtime="20250428 15:00:42.730"/>
</kw>
<kw name="Sleep" library="BuiltIn">
<arg>5s</arg>
<doc>Pauses the test executed for the given time.</doc>
<msg timestamp="20250428 15:00:47.732" level="INFO">Slept 5 seconds</msg>
<status status="PASS" starttime="20250428 15:00:42.731" endtime="20250428 15:00:47.733"/>
</kw>
<kw name="Input Text" library="AppiumLibrary">
<arg>accessibility_id=email</arg>
<arg>${EMAIL}</arg>
<doc>Types the given `text` into text field identified by `locator`.</doc>
<msg timestamp="20250428 15:00:47.734" level="INFO">Typing text 'teste@teste.com' into text field 'accessibility_id=email'</msg>
<status status="PASS" starttime="20250428 15:00:47.733" endtime="20250428 15:00:48.387"/>
</kw>
<kw name="Input Text" library="AppiumLibrary">
<arg>accessibility_id=password</arg>
<arg>${SENHA}</arg>
<doc>Types the given `text` into text field identified by `locator`.</doc>
<msg timestamp="20250428 15:00:48.388" level="INFO">Typing text '123456' into text field 'accessibility_id=password'</msg>
<status status="PASS" starttime="20250428 15:00:48.388" endtime="20250428 15:00:49.430"/>
</kw>
<kw name="Click Element" library="AppiumLibrary">
<arg>accessibility_id=login-button</arg>
<doc>Click element identified by `locator`.</doc>
<msg timestamp="20250428 15:00:49.431" level="INFO">Clicking element 'accessibility_id=login-button'.</msg>
<status status="PASS" starttime="20250428 15:00:49.431" endtime="20250428 15:00:50.035"/>
</kw>
<kw name="Wait Until Page Contains Element" library="AppiumLibrary">
<arg>${SELECIONE_ENDEREÇO}</arg>
<arg>10s</arg>
<doc>Waits until element specified with `locator` appears on current page.</doc>
<msg timestamp="20250428 15:00:50.883" level="INFO">xpath criteria: //android.widget.TextView[@text="Selecione seu endereço..."]</msg>
<status status="PASS" starttime="20250428 15:00:50.035" endtime="20250428 15:00:50.883"/>
</kw>
<status status="PASS" starttime="20250428 15:00:38.673" endtime="20250428 15:00:50.884"/>
</test>
<test id="s1-t2" name="Cenario 2: Login com sucesso com Keywords" line="34">
<kw name="Abrir aplicativo teste">
<kw name="Open Application" library="AppiumLibrary">
<arg>http://localhost:4723</arg>
<arg>automationName=UiAutomator2</arg>
<arg>platformName=Android</arg>
<arg>deviceName=Pixel4</arg>
<arg>app=${EXECDIR}/app/qazandofood.apk</arg>
<arg>udid=emulator-5554</arg>
<doc>Opens a new application to given Appium server.
Capabilities of appium server, Android and iOS,
Please check https://github.com/appium/appium/blob/master/docs/en/writing-running-appium/server-args.md
| *Option*            | *Man.* | *Description*     |
| remote_url          | Yes    | Appium server url |
| alias               | no     | alias             |
| strict_ssl          | No     | allows you to send commands to an invalid certificate host like a self-signed one. |</doc>
<status status="PASS" starttime="20250428 15:00:50.886" endtime="20250428 15:00:57.240"/>
</kw>
<status status="PASS" starttime="20250428 15:00:50.886" endtime="20250428 15:00:57.240"/>
</kw>
<kw name="Aguardar">
<kw name="Sleep" library="BuiltIn">
<arg>5s</arg>
<doc>Pauses the test executed for the given time.</doc>
<msg timestamp="20250428 15:01:02.241" level="INFO">Slept 5 seconds</msg>
<status status="PASS" starttime="20250428 15:00:57.241" endtime="20250428 15:01:02.241"/>
</kw>
<status status="PASS" starttime="20250428 15:00:57.241" endtime="20250428 15:01:02.242"/>
</kw>
<kw name="Login">
<kw name="Wait Until Element Is Visible" library="AppiumLibrary">
<arg>${TITULO_INICIAL}</arg>
<arg>10S</arg>
<doc>Waits until element specified with `locator` is visible.</doc>
<msg timestamp="20250428 15:01:02.670" level="INFO">xpath criteria: //android.widget.TextView[@text="Falta pouco pra matar sua fome!"]</msg>
<status status="PASS" starttime="20250428 15:01:02.242" endtime="20250428 15:01:02.671"/>
</kw>
<kw name="Input Text" library="AppiumLibrary">
<arg>accessibility_id=email</arg>
<arg>${EMAIL}</arg>
<doc>Types the given `text` into text field identified by `locator`.</doc>
<msg timestamp="20250428 15:01:02.671" level="INFO">Typing text 'teste@teste.com' into text field 'accessibility_id=email'</msg>
<status status="PASS" starttime="20250428 15:01:02.671" endtime="20250428 15:01:03.245"/>
</kw>
<kw name="Input Text" library="AppiumLibrary">
<arg>accessibility_id=password</arg>
<arg>${SENHA}</arg>
<doc>Types the given `text` into text field identified by `locator`.</doc>
<msg timestamp="20250428 15:01:03.246" level="INFO">Typing text '123456' into text field 'accessibility_id=password'</msg>
<status status="PASS" starttime="20250428 15:01:03.245" endtime="20250428 15:01:04.305"/>
</kw>
<kw name="Click Element" library="AppiumLibrary">
<arg>accessibility_id=login-button</arg>
<doc>Click element identified by `locator`.</doc>
<msg timestamp="20250428 15:01:04.306" level="INFO">Clicking element 'accessibility_id=login-button'.</msg>
<status status="PASS" starttime="20250428 15:01:04.305" endtime="20250428 15:01:04.898"/>
</kw>
<kw name="Wait Until Page Contains Element" library="AppiumLibrary">
<arg>${SELECIONE_ENDEREÇO}</arg>
<arg>10s</arg>
<doc>Waits until element specified with `locator` appears on current page.</doc>
<msg timestamp="20250428 15:01:05.505" level="INFO">xpath criteria: //android.widget.TextView[@text="Selecione seu endereço..."]
xpath criteria: //android.widget.TextView[@text="Selecione seu endereço..."]</msg>
<status status="PASS" starttime="20250428 15:01:04.898" endtime="20250428 15:01:05.505"/>
</kw>
<status status="PASS" starttime="20250428 15:01:02.242" endtime="20250428 15:01:05.505"/>
</kw>
<status status="PASS" starttime="20250428 15:00:50.885" endtime="20250428 15:01:05.505"/>
</test>
<status status="PASS" starttime="20250428 15:00:38.384" endtime="20250428 15:01:05.507"/>
</suite>
<statistics>
<total>
<stat pass="2" fail="0" skip="0">All Tests</stat>
</total>
<tag>
</tag>
<suite>
<stat pass="2" fail="0" skip="0" id="s1" name="Login">Login</stat>
</suite>
</statistics>
<errors>
</errors>
</robot>
