<?xml version="1.0" encoding="UTF-8"?>
<robot generator="Robot 6.1.1 (Python 3.13.2 on win32)" generated="20250428 21:14:28.903" rpa="false" schemaversion="4">
<suite id="s1" name="Login" source="c:\Users\leonardo.baestero\Desktop\QAfood\testes\login\login.robot">
<kw name="Set Appium Timeout" library="AppiumLibrary" type="SETUP">
<arg>10s</arg>
<doc>Sets the timeout in seconds used by various keywords.</doc>
<status status="PASS" starttime="20250428 21:14:29.169" endtime="20250428 21:14:29.170"/>
</kw>
<test id="s1-t1" name="Cenario 2: Login com senha inválida" line="31">
<kw name="Abrir aplicativo teste">
<kw name="Open Application" library="AppiumLibrary">
<arg>http://localhost:4723</arg>
<arg>automationName=UiAutomator2</arg>
<arg>platformName=Android</arg>
<arg>deviceName=Pixel4</arg>
<arg>app=${EXECDIR}/app/qazandofood.apk</arg>
<arg>udid=emulator-5554</arg>
<doc>Opens a new application to given Appium server.
Capabilities of appium server, Android and iOS,
Please check https://github.com/appium/appium/blob/master/docs/en/writing-running-appium/server-args.md
| *Option*            | *Man.* | *Description*     |
| remote_url          | Yes    | Appium server url |
| alias               | no     | alias             |
| strict_ssl          | No     | allows you to send commands to an invalid certificate host like a self-signed one. |</doc>
<status status="PASS" starttime="20250428 21:14:29.171" endtime="20250428 21:14:34.712"/>
</kw>
<status status="PASS" starttime="20250428 21:14:29.170" endtime="20250428 21:14:34.712"/>
</kw>
<kw name="Aguardar">
<kw name="Sleep" library="BuiltIn">
<arg>5s</arg>
<doc>Pauses the test executed for the given time.</doc>
<msg timestamp="20250428 21:14:39.715" level="INFO">Slept 5 seconds</msg>
<status status="PASS" starttime="20250428 21:14:34.714" endtime="20250428 21:14:39.718"/>
</kw>
<status status="PASS" starttime="20250428 21:14:34.713" endtime="20250428 21:14:39.718"/>
</kw>
<kw name="Input Text" library="AppiumLibrary">
<arg>accessibility_id=email</arg>
<arg>${EMAIL}</arg>
<doc>Types the given `text` into text field identified by `locator`.</doc>
<msg timestamp="20250428 21:14:39.721" level="INFO">Typing text 'teste@teste.com' into text field 'accessibility_id=email'</msg>
<status status="PASS" starttime="20250428 21:14:39.719" endtime="20250428 21:14:40.354"/>
</kw>
<kw name="Input Text" library="AppiumLibrary">
<arg>accessibility_id=password</arg>
<arg>123</arg>
<doc>Types the given `text` into text field identified by `locator`.</doc>
<msg timestamp="20250428 21:14:40.357" level="INFO">Typing text '123' into text field 'accessibility_id=password'</msg>
<status status="PASS" starttime="20250428 21:14:40.355" endtime="20250428 21:14:40.920"/>
</kw>
<kw name="Click Element" library="AppiumLibrary">
<arg>accessibility_id=login-button</arg>
<doc>Click element identified by `locator`.</doc>
<msg timestamp="20250428 21:14:40.922" level="INFO">Clicking element 'accessibility_id=login-button'.</msg>
<status status="PASS" starttime="20250428 21:14:40.920" endtime="20250428 21:14:41.514"/>
</kw>
<kw name="Element Should Be Visible" library="AppiumLibrary">
<arg>${ERRO_LOGIN}</arg>
<doc>Verifies that element identified with locator is visible.</doc>
<msg timestamp="20250428 21:14:42.346" level="INFO">xpath criteria: //android.widget.TextView[@text="Erro ao realizar login"]</msg>
<status status="PASS" starttime="20250428 21:14:41.514" endtime="20250428 21:14:42.346"/>
</kw>
<status status="PASS" starttime="20250428 21:14:29.170" endtime="20250428 21:14:42.348"/>
</test>
<status status="PASS" starttime="20250428 21:14:28.915" endtime="20250428 21:14:42.351"/>
</suite>
<statistics>
<total>
<stat pass="1" fail="0" skip="0">All Tests</stat>
</total>
<tag>
</tag>
<suite>
<stat pass="1" fail="0" skip="0" id="s1" name="Login">Login</stat>
</suite>
</statistics>
<errors>
</errors>
</robot>
